<?xml version="1.0" encoding="UTF-8"?>
<testsuite xmlns:xsi="http://www.w3.org/2001/XMLSchema-instance" xsi:noNamespaceSchemaLocation="https://maven.apache.org/surefire/maven-surefire-plugin/xsd/surefire-test-report.xsd" name="com.example.AppTest" time="0.024" tests="1" errors="0" skipped="0" failures="0">
  <properties>
    <property name="java.specification.version" value="17"/>
    <property name="sun.cpu.isalist" value="amd64"/>
    <property name="sun.jnu.encoding" value="Cp1252"/>
    <property name="java.class.path" value="E:\projekt\Upwork\spigotMcServer\pluginWorkFolder\myplugin\target\test-classes;E:\projekt\Upwork\spigotMcServer\pluginWorkFolder\myplugin\target\classes;C:\Users\emil0\.m2\repository\org\mockito\mockito-core\3.11.2\mockito-core-3.11.2.jar;C:\Users\emil0\.m2\repository\net\bytebuddy\byte-buddy\1.11.3\byte-buddy-1.11.3.jar;C:\Users\emil0\.m2\repository\net\bytebuddy\byte-buddy-agent\1.11.3\byte-buddy-agent-1.11.3.jar;C:\Users\emil0\.m2\repository\org\objenesis\objenesis\3.2\objenesis-3.2.jar;C:\Users\emil0\.m2\repository\org\spigotmc\spigot-api\1.21.3-R0.1-SNAPSHOT\spigot-api-1.21.3-R0.1-SNAPSHOT.jar;C:\Users\emil0\.m2\repository\com\google\guava\guava\32.1.2-jre\guava-32.1.2-jre.jar;C:\Users\emil0\.m2\repository\com\google\guava\failureaccess\1.0.1\failureaccess-1.0.1.jar;C:\Users\emil0\.m2\repository\com\google\guava\listenablefuture\9999.0-empty-to-avoid-conflict-with-guava\listenablefuture-9999.0-empty-to-avoid-conflict-with-guava.jar;C:\Users\emil0\.m2\repository\com\google\code\findbugs\jsr305\3.0.2\jsr305-3.0.2.jar;C:\Users\emil0\.m2\repository\org\checkerframework\checker-qual\3.33.0\checker-qual-3.33.0.jar;C:\Users\emil0\.m2\repository\com\google\errorprone\error_prone_annotations\2.18.0\error_prone_annotations-2.18.0.jar;C:\Users\emil0\.m2\repository\com\google\j2objc\j2objc-annotations\2.8\j2objc-annotations-2.8.jar;C:\Users\emil0\.m2\repository\com\google\code\gson\gson\2.10.1\gson-2.10.1.jar;C:\Users\emil0\.m2\repository\org\joml\joml\1.10.5\joml-1.10.5.jar;C:\Users\emil0\.m2\repository\net\md-5\bungeecord-chat\1.20-R0.2\bungeecord-chat-1.20-R0.2.jar;C:\Users\emil0\.m2\repository\org\yaml\snakeyaml\2.2\snakeyaml-2.2.jar;C:\Users\emil0\.m2\repository\junit\junit\4.11\junit-4.11.jar;C:\Users\emil0\.m2\repository\org\hamcrest\hamcrest-core\1.3\hamcrest-core-1.3.jar;"/>
    <property name="java.vm.vendor" value="Oracle Corporation"/>
    <property name="sun.arch.data.model" value="64"/>
    <property name="user.variant" value=""/>
    <property name="java.vendor.url" value="https://java.oracle.com/"/>
    <property name="user.timezone" value="Europe/Stockholm"/>
    <property name="os.name" value="Windows 10"/>
    <property name="java.vm.specification.version" value="17"/>
    <property name="sun.java.launcher" value="SUN_STANDARD"/>
    <property name="user.country" value="GB"/>
    <property name="sun.boot.library.path" value="E:\programmingLibraries\JDK17\bin"/>
    <property name="sun.java.command" value="C:\Users\emil0\AppData\Local\Temp\surefire17115106610152692970\surefirebooter14631376761236073710.jar C:\Users\emil0\AppData\Local\Temp\surefire17115106610152692970 2025-01-01T20-06-46_261-jvmRun1 surefire10559391908143643689tmp surefire_013547457301315482011tmp"/>
    <property name="jdk.debug" value="release"/>
    <property name="surefire.test.class.path" value="E:\projekt\Upwork\spigotMcServer\pluginWorkFolder\myplugin\target\test-classes;E:\projekt\Upwork\spigotMcServer\pluginWorkFolder\myplugin\target\classes;C:\Users\emil0\.m2\repository\org\mockito\mockito-core\3.11.2\mockito-core-3.11.2.jar;C:\Users\emil0\.m2\repository\net\bytebuddy\byte-buddy\1.11.3\byte-buddy-1.11.3.jar;C:\Users\emil0\.m2\repository\net\bytebuddy\byte-buddy-agent\1.11.3\byte-buddy-agent-1.11.3.jar;C:\Users\emil0\.m2\repository\org\objenesis\objenesis\3.2\objenesis-3.2.jar;C:\Users\emil0\.m2\repository\org\spigotmc\spigot-api\1.21.3-R0.1-SNAPSHOT\spigot-api-1.21.3-R0.1-SNAPSHOT.jar;C:\Users\emil0\.m2\repository\com\google\guava\guava\32.1.2-jre\guava-32.1.2-jre.jar;C:\Users\emil0\.m2\repository\com\google\guava\failureaccess\1.0.1\failureaccess-1.0.1.jar;C:\Users\emil0\.m2\repository\com\google\guava\listenablefuture\9999.0-empty-to-avoid-conflict-with-guava\listenablefuture-9999.0-empty-to-avoid-conflict-with-guava.jar;C:\Users\emil0\.m2\repository\com\google\code\findbugs\jsr305\3.0.2\jsr305-3.0.2.jar;C:\Users\emil0\.m2\repository\org\checkerframework\checker-qual\3.33.0\checker-qual-3.33.0.jar;C:\Users\emil0\.m2\repository\com\google\errorprone\error_prone_annotations\2.18.0\error_prone_annotations-2.18.0.jar;C:\Users\emil0\.m2\repository\com\google\j2objc\j2objc-annotations\2.8\j2objc-annotations-2.8.jar;C:\Users\emil0\.m2\repository\com\google\code\gson\gson\2.10.1\gson-2.10.1.jar;C:\Users\emil0\.m2\repository\org\joml\joml\1.10.5\joml-1.10.5.jar;C:\Users\emil0\.m2\repository\net\md-5\bungeecord-chat\1.20-R0.2\bungeecord-chat-1.20-R0.2.jar;C:\Users\emil0\.m2\repository\org\yaml\snakeyaml\2.2\snakeyaml-2.2.jar;C:\Users\emil0\.m2\repository\junit\junit\4.11\junit-4.11.jar;C:\Users\emil0\.m2\repository\org\hamcrest\hamcrest-core\1.3\hamcrest-core-1.3.jar;"/>
    <property name="sun.cpu.endian" value="little"/>
    <property name="user.home" value="C:\Users\emil0"/>
    <property name="user.language" value="en"/>
    <property name="java.specification.vendor" value="Oracle Corporation"/>
    <property name="java.version.date" value="2024-01-16"/>
    <property name="java.home" value="E:\programmingLibraries\JDK17"/>
    <property name="file.separator" value="\"/>
    <property name="basedir" value="E:\projekt\Upwork\spigotMcServer\pluginWorkFolder\myplugin"/>
    <property name="java.vm.compressedOopsMode" value="Zero based"/>
    <property name="line.separator" value="&#10;"/>
    <property name="java.vm.specification.vendor" value="Oracle Corporation"/>
    <property name="java.specification.name" value="Java Platform API Specification"/>
    <property name="surefire.real.class.path" value="C:\Users\emil0\AppData\Local\Temp\surefire17115106610152692970\surefirebooter14631376761236073710.jar"/>
    <property name="user.script" value=""/>
    <property name="sun.management.compiler" value="HotSpot 64-Bit Tiered Compilers"/>
    <property name="java.runtime.version" value="17.0.10+11-LTS-240"/>
    <property name="user.name" value="emil0"/>
    <property name="path.separator" value=";"/>
    <property name="os.version" value="10.0"/>
    <property name="java.runtime.name" value="Java(TM) SE Runtime Environment"/>
    <property name="file.encoding" value="Cp1252"/>
    <property name="java.vm.name" value="Java HotSpot(TM) 64-Bit Server VM"/>
    <property name="localRepository" value="C:\Users\emil0\.m2\repository"/>
    <property name="java.vendor.url.bug" value="https://bugreport.java.com/bugreport/"/>
    <property name="java.io.tmpdir" value="C:\Users\emil0\AppData\Local\Temp\"/>
    <property name="java.version" value="17.0.10"/>
    <property name="user.dir" value="E:\projekt\Upwork\spigotMcServer\pluginWorkFolder\myplugin"/>
    <property name="os.arch" value="amd64"/>
    <property name="java.vm.specification.name" value="Java Virtual Machine Specification"/>
    <property name="sun.os.patch.level" value=""/>
    <property name="native.encoding" value="Cp1252"/>
    <property name="java.library.path" value="E:\programmingLibraries\JDK17\bin;C:\WINDOWS\Sun\Java\bin;C:\WINDOWS\system32;C:\WINDOWS;E:\programs\anaconda;E:\programs\anaconda\Library\mingw-w64\bin;E:\programs\anaconda\Library\usr\bin;E:\programs\anaconda\Library\bin;E:\programs\anaconda\Scripts;E:\programs\anaconda\bin;C:\Users\emil0\bin;D:\Git\mingw64\bin;D:\Git\usr\local\bin;D:\Git\usr\bin;D:\Git\usr\bin;D:\Git\mingw64\bin;D:\Git\usr\bin;C:\Users\emil0\bin;E:\javaJDK\bin;E:\programmingLibraries\spark-3.5.1-bin-hadoop3-scala2.13\bin;E:\programmingLibraries\JDK17\bin;C:\Program Files\dotnet;C:\Program Files\Oculus\Support\oculus-runtime;C:\Program Files (x86)\Common Files\Intel\Shared Libraries\redist\intel64\compiler;C:\Program Files (x86)\Common Files\Oracle\Java\javapath;C:\Windows\system32;C:\Windows;C:\Windows\System32\Wbem;C:\Windows\System32\WindowsPowerShell\v1.0;C:\Windows\System32\OpenSSH;C:\Program Files\NVIDIA Corporation\NVIDIA NvDLISR;C:\Program Files (x86)\NVIDIA Corporation\PhysX\Common;C:\WINDOWS\system32;C:\WINDOWS;C:\WINDOWS\System32\Wbem;C:\WINDOWS\System32\WindowsPowerShell\v1.0;C:\WINDOWS\System32\OpenSSH;D:\Git\cmd;C:\Program Files\Java\jdk-19\bin;C:\Users\emil0\AppData\Local\Programs\Python\Python311;C:\src\flutter\bin;C:\Program Files\Android\Android Studio\bin;C:\ProgramData\chocolatey\bin;D:\LLVM\bin;D:\LLVM\lib\clang\16\lib\windows;C:\Program Files (x86)\sbt\bin;C:\Users\emil0\AppData\Local\Coursier\data\bin;E:\programmingLibraries\spark-3.5.1-bin-hadoop3-scala2.13\bin;E:\programmingLibraries\apache-maven-3.8.8\bin;E:\programmingLibraries\spark-3.5.1-bin-hadoop3-scala2.13;E:\programmingLibraries\spark-3.5.1-bin-hadoop3-scala2.13\etc\hadoop;E:\putty;C:\Program Files\Microsoft SQL Server\150\Tools\Binn;E:\coding_and_stuff\nvm;E:\coding_and_stuff\nodejs;E:\programs\ffmpeg\ffmpeg-2024-10-02-git-358fdf3083-full_build\bin;E:\coding_and_stuff\heroku\bin;C:\Program Files\Docker\Docker\resources\bin;C:\Program Files (x86)\Windows Kits\10\Windows Performance Toolkit;C:\Users\emil0\AppData\Local\Programs\Python\Python311\Scripts;C:\Users\emil0\AppData\Local\Programs\Python\Python311;C:\Users\emil0\AppData\Local\Microsoft\WindowsApps;D:\Visual Studio\Visual Code\Microsoft VS Code2\bin;C:\src\flutter\bin;C:\Program Files\Android\Android Studio\bin;C:\Users\emil0\AppData\Local\GitHubDesktop\bin;C:\Users\emil0\AppData\Local\Coursier\data\bin;C:\Users\emil0\.dotnet\tools;C:\Users\emil0\AppData\Local\Programs\Ollama;E:\programs\anaconda;E:\programs\anaconda\Scripts;E:\programs\anaconda\condabin;E:\coding_and_stuff\nvm;E:\coding_and_stuff\nodejs;E:\programs\mongoShell;D:\Git\usr\bin\vendor_perl;D:\Git\usr\bin\core_perl;c:\Users\emil0\AppData\Roaming\Code\User\globalStorage\github.copilot-chat\debugCommand;."/>
    <property name="java.vm.info" value="mixed mode, sharing"/>
    <property name="java.vendor" value="Oracle Corporation"/>
    <property name="java.vm.version" value="17.0.10+11-LTS-240"/>
    <property name="sun.io.unicode.encoding" value="UnicodeLittle"/>
    <property name="java.class.version" value="61.0"/>
  </properties>
  <testcase name="shouldAnswerWithTrue" classname="com.example.AppTest" time="0.001"/>
</testsuite>